SF:app/__init__.py
DA:13,1
DA:14,1
DA:16,1
LF:3
LH:3
end_of_record
SF:app/classes/__init__.py
DA:8,1
DA:9,1
DA:10,1
DA:11,1
DA:12,1
DA:14,1
LF:6
LH:6
end_of_record
SF:app/classes/class_manager.py
DA:7,1
DA:8,1
DA:9,1
DA:10,1
DA:11,1
DA:14,1
DA:17,1
DA:19,1
DA:20,1
DA:21,1
DA:22,1
DA:24,1
DA:38,1
DA:39,1
DA:40,1
DA:42,1
DA:57,1
DA:58,1
DA:59,1
DA:61,1
DA:74,1
DA:75,1
DA:76,1
DA:78,1
DA:89,1
DA:90,1
DA:91,1
DA:93,1
DA:101,1
DA:102,1
DA:103,1
DA:105,1
DA:106,1
DA:109,1
DA:110,1
DA:112,1
DA:113,1
DA:116,1
DA:117,1
DA:118,1
DA:121,1
DA:122,1
DA:124,1
DA:125,1
DA:126,1
DA:128,1
DA:135,1
DA:142,1
LF:48
LH:48
FN:17,22,ClassManager.__init__
FNDA:1,ClassManager.__init__
FN:24,40,ClassManager.create_student
FNDA:1,ClassManager.create_student
FN:42,59,ClassManager.create_employee
FNDA:1,ClassManager.create_employee
FN:61,76,ClassManager.create_department
FNDA:1,ClassManager.create_department
FN:78,91,ClassManager.create_company
FNDA:1,ClassManager.create_company
FN:93,133,ClassManager.get_demo_data
FNDA:1,ClassManager.get_demo_data
FN:135,147,ClassManager.get_summary
FNDA:1,ClassManager.get_summary
FNF:7
FNH:7
end_of_record
SF:app/classes/composition.py
DA:7,1
DA:8,1
DA:11,1
DA:23,1
DA:26,1
DA:27,1
DA:28,1
DA:29,1
DA:30,1
DA:32,1
DA:39,1
DA:41,1
DA:43,1
DA:45,1
DA:47,0
DA:51,1
DA:62,1
DA:65,1
DA:66,1
DA:67,1
DA:68,1
DA:69,1
DA:71,1
DA:73,0
DA:74,0
DA:75,0
DA:76,0
DA:78,1
DA:80,0
DA:82,1
DA:84,0
DA:94,1
DA:101,1
DA:109,1
DA:110,1
DA:111,1
DA:112,1
DA:114,1
DA:124,1
DA:125,1
DA:126,1
DA:127,0
DA:129,1
DA:139,0
DA:140,0
DA:141,0
DA:142,0
DA:144,1
DA:151,1
DA:153,1
DA:160,1
DA:162,1
DA:169,1
DA:180,1
DA:187,0
DA:189,1
DA:191,0
DA:193,1
DA:195,0
LF:59
LH:44
FN:23,30,Address.__init__
FNDA:1,Address.__init__
FN:32,39,Address.get_full_address
FNDA:1,Address.get_full_address
FN:41,43,Address.__str__
FNDA:1,Address.__str__
FN:45,48,Address.__repr__
FNDA:0,Address.__repr__
FN:62,69,Office.__init__
FNDA:1,Office.__init__
FN:71,76,Office.add_employee
FNDA:0,Office.add_employee
FN:78,80,Office.get_occupancy_rate
FNDA:0,Office.get_occupancy_rate
FN:82,91,Office.get_info
FNDA:0,Office.get_info
FN:101,112,Company.__init__
FNDA:1,Company.__init__
FN:114,127,Company.add_office
FNDA:1,Company.add_office
FN:129,142,Company.get_office
FNDA:0,Company.get_office
FN:144,151,Company.get_total_capacity
FNDA:1,Company.get_total_capacity
FN:153,160,Company.get_total_employees
FNDA:1,Company.get_total_employees
FN:162,178,Company.get_company_info
FNDA:1,Company.get_company_info
FN:180,187,Company.get_offices_info
FNDA:0,Company.get_offices_info
FN:189,191,Company.__str__
FNDA:0,Company.__str__
FN:193,196,Company.__repr__
FNDA:0,Company.__repr__
FNF:17
FNH:9
end_of_record
SF:app/classes/department.py
DA:7,1
DA:8,1
DA:11,1
DA:22,1
DA:31,1
DA:32,1
DA:33,1
DA:34,1
DA:35,1
DA:37,1
DA:47,1
DA:48,1
DA:49,1
DA:50,1
DA:51,0
DA:53,1
DA:63,0
DA:64,0
DA:65,0
DA:66,0
DA:67,0
DA:69,1
DA:79,0
DA:80,0
DA:81,0
DA:82,0
DA:84,1
DA:91,1
DA:93,1
DA:100,1
DA:101,0
DA:102,1
DA:104,1
DA:111,1
DA:113,1
DA:120,1
DA:122,1
DA:129,1
DA:140,1
DA:147,0
DA:149,1
DA:151,0
DA:153,1
DA:155,0
DA:159,1
LF:45
LH:31
FN:22,35,Department.__init__
FNDA:1,Department.__init__
FN:37,51,Department.add_employee
FNDA:1,Department.add_employee
FN:53,67,Department.remove_employee
FNDA:0,Department.remove_employee
FN:69,82,Department.get_employee
FNDA:0,Department.get_employee
FN:84,91,Department.get_payroll
FNDA:1,Department.get_payroll
FN:93,102,Department.get_average_salary
FNDA:1,Department.get_average_salary
FN:104,111,Department.get_budget_remaining
FNDA:1,Department.get_budget_remaining
FN:113,120,Department.is_over_budget
FNDA:1,Department.is_over_budget
FN:122,138,Department.get_department_info
FNDA:1,Department.get_department_info
FN:140,147,Department.get_employees_info
FNDA:0,Department.get_employees_info
FN:149,151,Department.__str__
FNDA:0,Department.__str__
FN:153,156,Department.__repr__
FNDA:0,Department.__repr__
FNF:12
FNH:7
end_of_record
SF:app/classes/employee.py
DA:7,1
DA:8,1
DA:11,1
DA:26,1
DA:27,1
DA:28,1
DA:30,1
DA:45,1
DA:46,1
DA:48,1
DA:49,1
DA:50,1
DA:51,1
DA:52,1
DA:53,1
DA:54,1
DA:55,1
DA:57,1
DA:59,1
DA:72,1
DA:73,0
DA:75,1
DA:76,1
DA:77,1
DA:79,1
DA:90,1
DA:91,0
DA:93,1
DA:98,1
DA:100,1
DA:107,1
DA:108,0
DA:110,1
DA:111,1
DA:113,1
DA:124,1
DA:125,0
DA:127,1
DA:128,1
DA:130,1
DA:137,0
DA:138,0
DA:140,1
DA:147,0
DA:156,1
DA:163,1
DA:175,1
DA:177,0
DA:179,1
DA:181,0
DA:183,1
DA:185,0
DA:188,1
DA:189,1
DA:191,0
DA:193,1
DA:194,1
DA:196,0
DA:198,1
DA:199,1
DA:201,0
DA:204,0
LF:62
LH:48
FN:30,57,Employee.__init__
FNDA:1,Employee.__init__
FN:59,77,Employee.give_raise
FNDA:1,Employee.give_raise
FN:79,98,Employee.add_performance_review
FNDA:1,Employee.add_performance_review
FN:100,111,Employee.get_average_review_score
FNDA:1,Employee.get_average_review_score
FN:113,128,Employee.promote
FNDA:1,Employee.promote
FN:130,138,Employee.calculate_years_employed
FNDA:0,Employee.calculate_years_employed
FN:140,154,Employee.get_employment_status
FNDA:0,Employee.get_employment_status
FN:156,173,Employee.get_info
FNDA:1,Employee.get_info
FN:175,177,Employee.terminate_employment
FNDA:0,Employee.terminate_employment
FN:179,181,Employee.__str__
FNDA:0,Employee.__str__
FN:183,186,Employee.__repr__
FNDA:0,Employee.__repr__
FN:189,191,Employee.get_total_employees
FNDA:0,Employee.get_total_employees
FN:194,196,Employee.set_minimum_salary
FNDA:0,Employee.set_minimum_salary
FN:199,204,Employee.is_valid_position
FNDA:0,Employee.is_valid_position
FNF:14
FNH:6
end_of_record
SF:app/classes/student.py
DA:7,1
DA:8,1
DA:11,1
DA:25,1
DA:26,1
DA:28,1
DA:39,1
DA:40,1
DA:41,1
DA:42,1
DA:43,1
DA:44,1
DA:46,1
DA:48,1
DA:58,1
DA:59,1
DA:60,1
DA:61,1
DA:63,1
DA:73,0
DA:74,0
DA:75,0
DA:76,0
DA:78,1
DA:88,1
DA:89,1
DA:90,1
DA:92,1
DA:99,1
DA:101,1
DA:108,0
DA:114,1
DA:121,1
DA:132,1
DA:134,0
DA:136,1
DA:138,0
DA:141,1
DA:142,1
DA:149,0
DA:151,1
DA:152,1
DA:159,0
DA:161,1
DA:162,1
DA:172,0
LF:46
LH:36
FN:28,46,Student.__init__
FNDA:1,Student.__init__
FN:48,61,Student.enroll_course
FNDA:1,Student.enroll_course
FN:63,76,Student.drop_course
FNDA:0,Student.drop_course
FN:78,90,Student.update_gpa
FNDA:1,Student.update_gpa
FN:92,99,Student.is_on_honor_roll
FNDA:1,Student.is_on_honor_roll
FN:101,112,Student.get_courses_info
FNDA:0,Student.get_courses_info
FN:114,130,Student.get_info
FNDA:1,Student.get_info
FN:132,134,Student.__str__
FNDA:0,Student.__str__
FN:136,139,Student.__repr__
FNDA:0,Student.__repr__
FN:142,149,Student.get_total_students
FNDA:0,Student.get_total_students
FN:152,159,Student.get_institution
FNDA:0,Student.get_institution
FN:162,172,Student.is_valid_gpa
FNDA:0,Student.is_valid_gpa
FNF:12
FNH:5
end_of_record
SF:app/data_structure_methods/__init__.py
end_of_record
SF:app/data_structure_methods/dictionaries/__init__.py
DA:5,1
DA:6,1
DA:8,1
LF:3
LH:3
end_of_record
SF:app/data_structure_methods/dictionaries/dictionary_examples.py
DA:8,1
DA:11,1
DA:12,1
DA:14,0
DA:27,0
DA:33,1
DA:34,1
DA:36,0
DA:38,0
DA:46,0
DA:47,0
DA:49,0
DA:56,1
DA:57,1
DA:59,0
DA:60,0
DA:62,0
DA:63,0
DA:64,0
DA:66,0
LF:20
LH:7
FN:12,31,DictionaryExamples.configuration_management
FNDA:0,DictionaryExamples.configuration_management
FN:34,54,DictionaryExamples.json_like_data
FNDA:0,DictionaryExamples.json_like_data
FN:57,70,DictionaryExamples.word_frequency
FNDA:0,DictionaryExamples.word_frequency
FNF:3
FNH:0
end_of_record
SF:app/data_structure_methods/dictionaries/dictionary_manager.py
DA:7,1
DA:10,1
DA:13,1
DA:14,1
DA:16,1
DA:18,1
DA:28,1
DA:29,1
DA:31,0
DA:32,0
DA:34,0
DA:42,1
DA:43,1
DA:45,1
DA:52,1
DA:53,1
DA:55,1
DA:56,1
DA:57,1
DA:59,1
DA:60,1
DA:62,1
DA:69,1
DA:70,1
DA:72,1
DA:82,1
DA:89,1
DA:90,1
DA:92,0
DA:94,0
DA:102,1
DA:103,1
DA:105,0
DA:107,0
DA:108,0
DA:109,0
DA:110,0
DA:112,0
DA:118,1
DA:119,1
DA:121,0
DA:123,0
DA:124,0
DA:126,0
LF:44
LH:29
FN:14,26,DictionaryManager.basic_operations
FNDA:1,DictionaryManager.basic_operations
FN:29,40,DictionaryManager.dictionary_methods
FNDA:0,DictionaryManager.dictionary_methods
FN:43,50,DictionaryManager.dictionary_comprehension
FNDA:1,DictionaryManager.dictionary_comprehension
FN:53,67,DictionaryManager.merging_dicts
FNDA:1,DictionaryManager.merging_dicts
FN:70,87,DictionaryManager.nested_dictionaries
FNDA:1,DictionaryManager.nested_dictionaries
FN:90,100,DictionaryManager.iteration_examples
FNDA:0,DictionaryManager.iteration_examples
FN:103,116,DictionaryManager.defaultdict_usage
FNDA:0,DictionaryManager.defaultdict_usage
FN:119,130,DictionaryManager.counter_usage
FNDA:0,DictionaryManager.counter_usage
FNF:8
FNH:4
end_of_record
SF:app/data_structure_methods/lists/__init__.py
DA:5,1
DA:6,1
DA:8,1
LF:3
LH:3
end_of_record
SF:app/data_structure_methods/lists/list_examples.py
DA:7,1
DA:10,1
DA:13,1
DA:14,1
DA:17,0
DA:20,0
DA:26,0
DA:34,1
DA:35,1
DA:37,0
DA:43,0
DA:51,1
DA:52,1
DA:54,0
DA:56,0
DA:57,0
DA:59,0
DA:60,0
DA:62,0
LF:19
LH:8
FN:14,32,ListExamples.real_world_scenarios
FNDA:0,ListExamples.real_world_scenarios
FN:35,49,ListExamples.nested_lists
FNDA:0,ListExamples.nested_lists
FN:52,67,ListExamples.list_mutations
FNDA:0,ListExamples.list_mutations
FNF:3
FNH:0
end_of_record
SF:app/data_structure_methods/lists/list_manager.py
DA:7,1
DA:10,1
DA:13,1
DA:14,1
DA:16,1
DA:18,1
DA:28,1
DA:29,1
DA:31,0
DA:33,0
DA:45,1
DA:46,1
DA:48,0
DA:50,0
DA:58,1
DA:59,1
DA:61,0
DA:69,1
DA:70,1
DA:72,0
DA:73,0
DA:75,0
DA:81,1
DA:82,1
DA:84,0
DA:85,0
DA:87,0
DA:96,1
DA:97,1
DA:99,0
DA:101,0
LF:31
LH:18
FN:14,26,ListManager.basic_operations
FNDA:1,ListManager.basic_operations
FN:29,43,ListManager.list_methods
FNDA:0,ListManager.list_methods
FN:46,56,ListManager.sorting_operations
FNDA:0,ListManager.sorting_operations
FN:59,67,ListManager.list_comprehension
FNDA:0,ListManager.list_comprehension
FN:70,79,ListManager.list_unpacking
FNDA:0,ListManager.list_unpacking
FN:82,94,ListManager.list_operations
FNDA:0,ListManager.list_operations
FN:97,110,ListManager.advanced_operations
FNDA:0,ListManager.advanced_operations
FNF:7
FNH:1
end_of_record
SF:app/data_structure_methods/sets/__init__.py
DA:5,1
DA:6,1
DA:8,1
LF:3
LH:3
end_of_record
SF:app/data_structure_methods/sets/set_examples.py
DA:8,1
DA:11,1
DA:12,1
DA:14,0
DA:16,0
DA:22,1
DA:23,1
DA:25,0
DA:26,0
DA:28,0
DA:38,1
DA:39,1
DA:41,0
DA:43,0
LF:14
LH:7
FN:12,20,SetExamples.removing_duplicates
FNDA:0,SetExamples.removing_duplicates
FN:23,36,SetExamples.set_theory_operations
FNDA:0,SetExamples.set_theory_operations
FN:39,48,SetExamples.membership_testing
FNDA:0,SetExamples.membership_testing
FNF:3
FNH:0
end_of_record
SF:app/data_structure_methods/sets/set_manager.py
DA:7,1
DA:10,1
DA:13,1
DA:14,1
DA:16,1
DA:18,1
DA:28,1
DA:29,1
DA:31,1
DA:32,1
DA:34,1
DA:42,1
DA:43,1
DA:45,1
DA:46,1
DA:48,1
DA:59,1
DA:60,1
DA:62,1
DA:63,1
DA:64,1
DA:66,1
DA:76,1
DA:77,1
DA:79,0
DA:81,0
DA:89,1
DA:90,1
DA:92,0
DA:93,0
DA:95,0
LF:31
LH:26
FN:14,26,SetManager.basic_operations
FNDA:1,SetManager.basic_operations
FN:29,40,SetManager.set_methods
FNDA:1,SetManager.set_methods
FN:43,57,SetManager.set_operations
FNDA:1,SetManager.set_operations
FN:60,74,SetManager.set_comparisons
FNDA:1,SetManager.set_comparisons
FN:77,87,SetManager.set_from_list
FNDA:0,SetManager.set_from_list
FN:90,101,SetManager.frozenset_operations
FNDA:0,SetManager.frozenset_operations
FNF:6
FNH:4
end_of_record
SF:app/data_structure_methods/tuples/__init__.py
DA:5,1
DA:6,1
DA:8,1
LF:3
LH:3
end_of_record
SF:app/data_structure_methods/tuples/tuple_examples.py
DA:8,1
DA:11,1
DA:12,1
DA:14,0
DA:15,0
DA:17,0
DA:19,0
DA:25,1
DA:26,1
DA:28,0
DA:30,0
DA:39,1
DA:40,1
DA:42,0
DA:48,0
LF:15
LH:7
FN:12,23,TupleExamples.function_multiple_returns
FNDA:0,TupleExamples.function_multiple_returns
FN:14,15,TupleExamples.function_multiple_returns.get_min_max
FNDA:0,TupleExamples.function_multiple_returns.get_min_max
FN:26,37,TupleExamples.coordinate_system
FNDA:0,TupleExamples.coordinate_system
FN:40,51,TupleExamples.rgb_colors
FNDA:0,TupleExamples.rgb_colors
FNF:4
FNH:0
end_of_record
SF:app/data_structure_methods/tuples/tuple_manager.py
DA:7,1
DA:10,1
DA:13,1
DA:14,1
DA:16,1
DA:18,1
DA:28,1
DA:29,1
DA:31,1
DA:33,1
DA:39,1
DA:40,1
DA:42,1
DA:44,1
DA:52,1
DA:53,1
DA:56,0
DA:59,0
DA:62,0
DA:64,0
DA:70,1
DA:71,1
DA:73,0
DA:80,0
DA:86,1
DA:87,1
DA:89,0
DA:91,0
DA:92,0
DA:94,0
DA:95,0
DA:97,0
DA:106,1
DA:107,1
DA:109,0
DA:110,0
DA:112,0
LF:37
LH:22
FN:14,26,TupleManager.basic_operations
FNDA:1,TupleManager.basic_operations
FN:29,37,TupleManager.tuple_methods
FNDA:1,TupleManager.tuple_methods
FN:40,50,TupleManager.immutability
FNDA:1,TupleManager.immutability
FN:53,68,TupleManager.tuple_packing_unpacking
FNDA:0,TupleManager.tuple_packing_unpacking
FN:71,84,TupleManager.tuple_as_keys
FNDA:0,TupleManager.tuple_as_keys
FN:87,104,TupleManager.named_tuples
FNDA:0,TupleManager.named_tuples
FN:107,118,TupleManager.tuple_operations
FNDA:0,TupleManager.tuple_operations
FNF:7
FNH:3
end_of_record
SF:app/dunder_methods/__init__.py
DA:8,1
DA:9,1
DA:10,1
DA:11,1
DA:13,1
LF:5
LH:5
end_of_record
SF:app/dunder_methods/arithmetic_examples.py
DA:7,1
DA:10,1
DA:13,1
DA:14,1
DA:21,1
DA:23,1
DA:33,1
DA:34,1
DA:41,1
DA:43,1
DA:51,1
DA:52,1
DA:59,1
DA:61,1
DA:70,1
DA:71,1
DA:78,0
DA:81,0
DA:82,0
DA:83,0
DA:85,0
DA:86,0
DA:87,0
DA:89,0
DA:90,0
DA:91,0
DA:93,0
DA:94,0
DA:95,0
DA:97,0
DA:98,0
DA:99,0
DA:101,0
DA:102,0
DA:103,0
DA:105,0
DA:107,1
DA:108,1
DA:115,0
DA:117,0
DA:126,1
DA:127,1
DA:134,0
DA:142,1
DA:143,1
DA:150,0
DA:151,0
DA:153,0
DA:162,1
DA:163,1
DA:170,0
LF:51
LH:24
FN:14,31,ArithmeticExamples.basic_arithmetic
FNDA:1,ArithmeticExamples.basic_arithmetic
FN:34,49,ArithmeticExamples.unary_operators
FNDA:1,ArithmeticExamples.unary_operators
FN:52,68,ArithmeticExamples.bitwise_operations
FNDA:1,ArithmeticExamples.bitwise_operations
FN:71,105,ArithmeticExamples.augmented_assignment
FNDA:0,ArithmeticExamples.augmented_assignment
FN:108,124,ArithmeticExamples.arithmetic_with_floats
FNDA:0,ArithmeticExamples.arithmetic_with_floats
FN:127,140,ArithmeticExamples.type_conversion_in_arithmetic
FNDA:0,ArithmeticExamples.type_conversion_in_arithmetic
FN:143,160,ArithmeticExamples.complex_number_arithmetic
FNDA:0,ArithmeticExamples.complex_number_arithmetic
FN:163,177,ArithmeticExamples.division_examples
FNDA:0,ArithmeticExamples.division_examples
FNF:8
FNH:3
end_of_record
SF:app/dunder_methods/comparison_examples.py
DA:7,1
DA:10,1
DA:13,1
DA:14,1
DA:21,1
DA:23,1
DA:32,1
DA:33,1
DA:40,1
DA:42,1
DA:50,1
DA:51,1
DA:58,0
DA:59,0
DA:60,0
DA:62,0
DA:69,1
DA:70,1
DA:77,0
DA:78,0
DA:80,0
DA:86,1
DA:87,1
DA:94,0
DA:95,0
DA:96,0
DA:97,0
DA:99,0
DA:100,0
DA:102,0
DA:103,0
DA:105,0
DA:106,0
DA:107,0
DA:109,0
DA:116,1
DA:117,1
DA:124,1
DA:126,1
DA:133,1
DA:134,1
DA:141,0
DA:142,0
DA:143,0
DA:144,0
DA:145,0
DA:147,0
DA:149,0
LF:48
LH:22
FN:14,30,ComparisonExamples.comparison_operators
FNDA:1,ComparisonExamples.comparison_operators
FN:33,48,ComparisonExamples.string_comparison
FNDA:1,ComparisonExamples.string_comparison
FN:51,67,ComparisonExamples.list_comparison
FNDA:0,ComparisonExamples.list_comparison
FN:70,84,ComparisonExamples.tuple_comparison
FNDA:0,ComparisonExamples.tuple_comparison
FN:87,114,ComparisonExamples.custom_class_comparison
FNDA:0,ComparisonExamples.custom_class_comparison
FN:95,97,ComparisonExamples.custom_class_comparison.Person.__init__
FNDA:0,ComparisonExamples.custom_class_comparison.Person.__init__
FN:99,100,ComparisonExamples.custom_class_comparison.Person.__lt__
FNDA:0,ComparisonExamples.custom_class_comparison.Person.__lt__
FN:102,103,ComparisonExamples.custom_class_comparison.Person.__eq__
FNDA:0,ComparisonExamples.custom_class_comparison.Person.__eq__
FN:117,131,ComparisonExamples.comparison_chaining
FNDA:1,ComparisonExamples.comparison_chaining
FN:134,153,ComparisonExamples.three_way_comparison
FNDA:0,ComparisonExamples.three_way_comparison
FN:141,147,ComparisonExamples.three_way_comparison.compare
FNDA:0,ComparisonExamples.three_way_comparison.compare
FNF:11
FNH:3
end_of_record
SF:app/dunder_methods/custom_number.py
DA:7,1
DA:10,1
DA:17,1
DA:24,1
DA:26,1
DA:28,1
DA:29,1
DA:30,0
DA:32,1
DA:34,0
DA:36,1
DA:38,1
DA:39,1
DA:40,0
DA:42,1
DA:44,0
DA:45,0
DA:46,0
DA:48,1
DA:50,1
DA:51,1
DA:52,0
DA:54,1
DA:56,0
DA:58,1
DA:60,0
DA:61,0
DA:62,0
DA:63,0
DA:64,0
DA:65,0
DA:66,0
DA:68,1
DA:70,0
DA:71,0
DA:72,0
DA:74,1
DA:76,0
DA:77,0
DA:78,0
DA:80,1
DA:82,0
DA:83,0
DA:84,0
DA:86,1
DA:88,0
DA:90,1
DA:92,0
DA:94,1
DA:96,0
DA:98,1
DA:100,1
DA:101,1
DA:102,0
DA:104,1
DA:106,0
DA:108,1
DA:110,1
DA:111,1
DA:112,0
DA:114,1
DA:116,0
DA:118,1
DA:120,1
DA:121,1
DA:122,0
DA:124,1
DA:126,0
DA:128,1
DA:130,0
DA:132,1
DA:134,0
DA:136,1
DA:138,0
DA:140,1
DA:142,0
DA:144,1
DA:146,0
DA:148,1
DA:150,0
LF:80
LH:41
FN:17,24,CustomNumber.__init__
FNDA:1,CustomNumber.__init__
FN:26,30,CustomNumber.__add__
FNDA:1,CustomNumber.__add__
FN:32,34,CustomNumber.__radd__
FNDA:0,CustomNumber.__radd__
FN:36,40,CustomNumber.__sub__
FNDA:1,CustomNumber.__sub__
FN:42,46,CustomNumber.__rsub__
FNDA:0,CustomNumber.__rsub__
FN:48,52,CustomNumber.__mul__
FNDA:1,CustomNumber.__mul__
FN:54,56,CustomNumber.__rmul__
FNDA:0,CustomNumber.__rmul__
FN:58,66,CustomNumber.__truediv__
FNDA:0,CustomNumber.__truediv__
FN:68,72,CustomNumber.__floordiv__
FNDA:0,CustomNumber.__floordiv__
FN:74,78,CustomNumber.__mod__
FNDA:0,CustomNumber.__mod__
FN:80,84,CustomNumber.__pow__
FNDA:0,CustomNumber.__pow__
FN:86,88,CustomNumber.__neg__
FNDA:0,CustomNumber.__neg__
FN:90,92,CustomNumber.__pos__
FNDA:0,CustomNumber.__pos__
FN:94,96,CustomNumber.__abs__
FNDA:0,CustomNumber.__abs__
FN:98,102,CustomNumber.__eq__
FNDA:1,CustomNumber.__eq__
FN:104,106,CustomNumber.__ne__
FNDA:0,CustomNumber.__ne__
FN:108,112,CustomNumber.__lt__
FNDA:1,CustomNumber.__lt__
FN:114,116,CustomNumber.__le__
FNDA:0,CustomNumber.__le__
FN:118,122,CustomNumber.__gt__
FNDA:1,CustomNumber.__gt__
FN:124,126,CustomNumber.__ge__
FNDA:0,CustomNumber.__ge__
FN:128,130,CustomNumber.__hash__
FNDA:0,CustomNumber.__hash__
FN:132,134,CustomNumber.__repr__
FNDA:0,CustomNumber.__repr__
FN:136,138,CustomNumber.__str__
FNDA:0,CustomNumber.__str__
FN:140,142,CustomNumber.__int__
FNDA:0,CustomNumber.__int__
FN:144,146,CustomNumber.__float__
FNDA:0,CustomNumber.__float__
FN:148,150,CustomNumber.__bool__
FNDA:0,CustomNumber.__bool__
FNF:26
FNH:7
end_of_record
SF:app/dunder_methods/custom_string.py
DA:8,1
DA:15,1
DA:22,1
DA:24,1
DA:26,1
DA:27,1
DA:28,0
DA:30,1
DA:32,0
DA:34,1
DA:36,1
DA:37,0
DA:38,1
DA:40,1
DA:42,0
DA:44,1
DA:46,1
DA:48,1
DA:50,0
DA:52,1
DA:54,0
DA:55,0
DA:56,0
DA:58,1
DA:60,1
DA:62,1
DA:64,0
DA:65,0
DA:66,0
DA:68,1
DA:70,0
DA:72,1
DA:74,0
DA:75,0
DA:76,0
DA:78,1
DA:80,0
DA:82,1
DA:84,0
DA:85,0
DA:86,0
DA:88,1
DA:90,0
DA:92,1
DA:94,0
DA:96,1
DA:98,0
DA:100,1
DA:102,0
DA:104,1
DA:106,0
DA:108,1
DA:110,0
DA:112,1
DA:114,0
DA:116,1
DA:118,0
DA:120,1
DA:122,0
DA:124,1
DA:126,0
LF:61
LH:32
FN:15,22,CustomString.__init__
FNDA:1,CustomString.__init__
FN:24,28,CustomString.__add__
FNDA:1,CustomString.__add__
FN:30,32,CustomString.__radd__
FNDA:0,CustomString.__radd__
FN:34,38,CustomString.__mul__
FNDA:1,CustomString.__mul__
FN:40,42,CustomString.__rmul__
FNDA:0,CustomString.__rmul__
FN:44,46,CustomString.__len__
FNDA:1,CustomString.__len__
FN:48,50,CustomString.__getitem__
FNDA:0,CustomString.__getitem__
FN:52,56,CustomString.__setitem__
FNDA:0,CustomString.__setitem__
FN:58,60,CustomString.__contains__
FNDA:1,CustomString.__contains__
FN:62,66,CustomString.__eq__
FNDA:0,CustomString.__eq__
FN:68,70,CustomString.__ne__
FNDA:0,CustomString.__ne__
FN:72,76,CustomString.__lt__
FNDA:0,CustomString.__lt__
FN:78,80,CustomString.__le__
FNDA:0,CustomString.__le__
FN:82,86,CustomString.__gt__
FNDA:0,CustomString.__gt__
FN:88,90,CustomString.__ge__
FNDA:0,CustomString.__ge__
FN:92,94,CustomString.__hash__
FNDA:0,CustomString.__hash__
FN:96,98,CustomString.__repr__
FNDA:0,CustomString.__repr__
FN:100,102,CustomString.__str__
FNDA:0,CustomString.__str__
FN:104,106,CustomString.__iter__
FNDA:0,CustomString.__iter__
FN:108,110,CustomString.__reversed__
FNDA:0,CustomString.__reversed__
FN:112,114,CustomString.__bool__
FNDA:0,CustomString.__bool__
FN:116,118,CustomString.upper
FNDA:0,CustomString.upper
FN:120,122,CustomString.lower
FNDA:0,CustomString.lower
FN:124,126,CustomString.reverse
FNDA:0,CustomString.reverse
FNF:24
FNH:5
end_of_record
SF:app/introspection/__init__.py
DA:8,1
DA:9,1
DA:10,1
DA:11,1
DA:12,1
DA:14,1
LF:6
LH:6
end_of_record
SF:app/introspection/dir_examples.py
DA:8,1
DA:11,1
DA:14,1
DA:15,1
DA:22,1
DA:24,1
DA:25,1
DA:32,0
DA:34,1
DA:35,1
DA:42,0
DA:44,1
DA:45,1
DA:52,0
DA:54,1
DA:55,1
DA:62,1
DA:63,1
DA:65,1
DA:73,1
DA:74,1
DA:81,0
DA:92,1
DA:93,1
DA:100,0
DA:101,0
DA:103,0
LF:27
LH:20
FN:15,22,DirectoryExamples.dir_of_string
FNDA:1,DirectoryExamples.dir_of_string
FN:25,32,DirectoryExamples.dir_of_list
FNDA:0,DirectoryExamples.dir_of_list
FN:35,42,DirectoryExamples.dir_of_dict
FNDA:0,DirectoryExamples.dir_of_dict
FN:45,52,DirectoryExamples.dir_of_integer
FNDA:0,DirectoryExamples.dir_of_integer
FN:55,71,DirectoryExamples.dir_filtering
FNDA:1,DirectoryExamples.dir_filtering
FN:74,90,DirectoryExamples.dir_comparison
FNDA:0,DirectoryExamples.dir_comparison
FN:93,112,DirectoryExamples.find_callable_methods
FNDA:0,DirectoryExamples.find_callable_methods
FNF:7
FNH:2
end_of_record
SF:app/introspection/doc_inspector.py
DA:7,1
DA:8,1
DA:9,1
DA:12,1
DA:15,1
DA:16,1
DA:26,1
DA:28,1
DA:29,1
DA:39,0
DA:41,1
DA:42,1
DA:49,0
DA:52,0
DA:54,0
DA:56,0
DA:58,0
DA:60,0
DA:68,1
DA:69,1
DA:79,0
DA:80,0
DA:82,0
DA:87,0
DA:88,0
DA:90,1
DA:91,1
DA:101,0
DA:102,0
DA:103,0
DA:104,0
DA:106,1
DA:107,1
DA:117,0
DA:118,0
DA:119,0
DA:121,1
DA:122,1
DA:129,0
DA:137,1
DA:138,1
DA:148,0
DA:156,0
DA:157,0
DA:158,0
DA:159,0
DA:161,0
DA:163,0
DA:165,1
DA:166,1
DA:176,0
DA:178,0
DA:179,0
DA:180,0
DA:181,0
DA:182,0
DA:183,0
DA:185,0
DA:187,1
DA:188,1
DA:198,0
DA:200,0
DA:201,0
DA:202,0
DA:204,0
DA:205,0
DA:206,0
DA:208,0
DA:210,0
DA:211,0
DA:212,0
DA:213,0
DA:215,0
DA:217,0
LF:74
LH:25
FN:16,26,DocInspector.get_docstring
FNDA:1,DocInspector.get_docstring
FN:29,39,DocInspector.get_help_text
FNDA:0,DocInspector.get_help_text
FN:42,66,DocInspector.inspect_documentation
FNDA:0,DocInspector.inspect_documentation
FN:52,54,DocInspector.inspect_documentation.ExampleClass.method
FNDA:0,DocInspector.inspect_documentation.ExampleClass.method
FN:56,58,DocInspector.inspect_documentation.example_function
FNDA:0,DocInspector.inspect_documentation.example_function
FN:69,88,DocInspector.get_signature_info
FNDA:0,DocInspector.get_signature_info
FN:91,104,DocInspector.get_source_code
FNDA:0,DocInspector.get_source_code
FN:107,119,DocInspector.get_type_annotations
FNDA:0,DocInspector.get_type_annotations
FN:122,135,DocInspector.document_builtin_functions
FNDA:0,DocInspector.document_builtin_functions
FN:138,163,DocInspector.document_methods
FNDA:0,DocInspector.document_methods
FN:166,185,DocInspector.get_all_docstrings
FNDA:0,DocInspector.get_all_docstrings
FN:188,221,DocInspector.inspect_module_contents
FNDA:0,DocInspector.inspect_module_contents
FNF:12
FNH:1
end_of_record
SF:app/introspection/isinstance_examples.py
DA:7,1
DA:10,1
DA:13,1
DA:14,1
DA:21,1
DA:31,1
DA:32,1
DA:39,0
DA:41,0
DA:47,1
DA:48,1
DA:55,1
DA:56,1
DA:58,1
DA:59,1
DA:61,1
DA:62,1
DA:64,1
DA:65,1
DA:67,1
DA:75,1
DA:76,1
DA:83,0
DA:91,1
DA:92,1
DA:99,1
DA:100,1
DA:102,1
DA:103,1
DA:105,1
DA:106,1
DA:108,1
DA:116,1
DA:117,1
DA:124,1
DA:126,1
DA:135,1
DA:136,1
DA:143,0
DA:144,0
DA:145,0
DA:146,0
DA:147,0
DA:148,0
DA:149,0
DA:151,0
DA:153,0
LF:47
LH:35
FN:14,29,InstanceOfExamples.basic_isinstance
FNDA:1,InstanceOfExamples.basic_isinstance
FN:32,45,InstanceOfExamples.isinstance_with_tuple
FNDA:0,InstanceOfExamples.isinstance_with_tuple
FN:48,73,InstanceOfExamples.isinstance_inheritance
FNDA:1,InstanceOfExamples.isinstance_inheritance
FN:76,89,InstanceOfExamples.builtin_type_hierarchy
FNDA:0,InstanceOfExamples.builtin_type_hierarchy
FN:92,114,InstanceOfExamples.issubclass_examples
FNDA:1,InstanceOfExamples.issubclass_examples
FN:117,133,InstanceOfExamples.checking_abstract_base_classes
FNDA:1,InstanceOfExamples.checking_abstract_base_classes
FN:136,158,InstanceOfExamples.type_checking_patterns
FNDA:0,InstanceOfExamples.type_checking_patterns
FN:143,151,InstanceOfExamples.type_checking_patterns.process_data
FNDA:0,InstanceOfExamples.type_checking_patterns.process_data
FNF:8
FNH:4
end_of_record
SF:app/introspection/object_inspector.py
DA:7,1
DA:8,1
DA:11,1
DA:14,1
DA:15,1
DA:25,1
DA:34,1
DA:35,1
DA:45,1
DA:47,1
DA:55,1
DA:56,1
DA:66,0
DA:67,0
DA:68,0
DA:69,0
DA:70,0
DA:71,0
DA:72,0
DA:73,0
DA:75,0
DA:85,1
DA:86,1
DA:96,0
DA:106,1
DA:107,1
DA:117,0
DA:119,0
DA:126,1
DA:127,1
DA:138,0
DA:146,1
DA:147,1
DA:158,0
DA:159,0
DA:161,0
DA:166,1
DA:167,1
DA:174,0
LF:39
LH:22
FN:15,32,ObjectInspector.inspect_object
FNDA:1,ObjectInspector.inspect_object
FN:35,53,ObjectInspector.get_attributes
FNDA:1,ObjectInspector.get_attributes
FN:56,83,ObjectInspector.inspect_function
FNDA:0,ObjectInspector.inspect_function
FN:86,104,ObjectInspector.inspect_class
FNDA:0,ObjectInspector.inspect_class
FN:107,124,ObjectInspector.get_object_memory_info
FNDA:0,ObjectInspector.get_object_memory_info
FN:127,144,ObjectInspector.compare_types
FNDA:0,ObjectInspector.compare_types
FN:147,164,ObjectInspector.find_methods_with_pattern
FNDA:0,ObjectInspector.find_methods_with_pattern
FN:167,189,ObjectInspector.get_mutable_immutable_info
FNDA:0,ObjectInspector.get_mutable_immutable_info
FNF:8
FNH:2
end_of_record
SF:app/introspection/type_examples.py
DA:8,1
DA:11,1
DA:14,1
DA:15,1
DA:22,1
DA:34,1
DA:35,1
DA:42,1
DA:51,1
DA:52,1
DA:59,1
DA:67,1
DA:68,1
DA:77,1
DA:86,1
DA:87,1
DA:94,0
DA:95,0
DA:97,0
DA:98,0
DA:100,0
DA:101,0
DA:103,0
DA:110,1
DA:111,1
DA:118,0
DA:119,0
DA:121,0
DA:129,1
DA:130,1
DA:137,1
DA:138,0
DA:140,1
DA:141,1
DA:142,0
DA:144,1
DA:146,1
DA:157,1
DA:158,1
DA:165,0
DA:166,0
DA:167,0
DA:168,0
DA:170,0
DA:172,0
LF:45
LH:27
FN:15,32,TypeExamples.basic_type_checking
FNDA:1,TypeExamples.basic_type_checking
FN:35,49,TypeExamples.type_names
FNDA:1,TypeExamples.type_names
FN:52,65,TypeExamples.type_comparison
FNDA:1,TypeExamples.type_comparison
FN:68,84,TypeExamples.type_vs_isinstance
FNDA:1,TypeExamples.type_vs_isinstance
FN:87,108,TypeExamples.class_types
FNDA:0,TypeExamples.class_types
FN:111,127,TypeExamples.type_of_type
FNDA:0,TypeExamples.type_of_type
FN:130,155,TypeExamples.callable_type_check
FNDA:1,TypeExamples.callable_type_check
FN:137,138,TypeExamples.callable_type_check.my_function
FNDA:0,TypeExamples.callable_type_check.my_function
FN:141,142,TypeExamples.callable_type_check.MyClass.method
FNDA:0,TypeExamples.callable_type_check.MyClass.method
FN:158,178,TypeExamples.hasattr_getattr
FNDA:0,TypeExamples.hasattr_getattr
FN:166,168,TypeExamples.hasattr_getattr.Person.__init__
FNDA:0,TypeExamples.hasattr_getattr.Person.__init__
FNF:11
FNH:5
end_of_record
SF:app/primitive_datatypes/__init__.py
DA:11,1
DA:12,1
DA:13,1
DA:14,1
DA:15,1
DA:17,1
LF:6
LH:6
end_of_record
SF:app/primitive_datatypes/boolean_demo.py
DA:8,1
DA:11,1
DA:14,1
DA:15,1
DA:22,1
DA:33,1
DA:34,1
DA:41,1
DA:43,1
DA:54,1
DA:55,1
DA:62,0
DA:64,0
DA:65,0
DA:67,0
DA:74,1
DA:75,1
DA:82,1
DA:84,1
DA:97,1
DA:98,1
DA:105,1
DA:117,1
DA:118,1
DA:125,1
DA:126,1
DA:128,1
DA:140,1
DA:141,1
DA:148,1
DA:150,1
DA:158,1
DA:159,1
DA:166,1
DA:167,1
DA:169,1
DA:178,1
DA:179,1
DA:186,1
DA:197,1
DA:198,1
DA:206,1
DA:208,1
DA:215,1
DA:216,1
DA:223,1
DA:225,1
LF:47
LH:43
FN:15,31,BooleanDemo.boolean_basics
FNDA:1,BooleanDemo.boolean_basics
FN:34,52,BooleanDemo.logical_operators
FNDA:1,BooleanDemo.logical_operators
FN:55,72,BooleanDemo.short_circuit_evaluation
FNDA:0,BooleanDemo.short_circuit_evaluation
FN:62,65,BooleanDemo.short_circuit_evaluation.side_effect
FNDA:0,BooleanDemo.short_circuit_evaluation.side_effect
FN:75,95,BooleanDemo.comparison_operators
FNDA:1,BooleanDemo.comparison_operators
FN:98,115,BooleanDemo.truthiness
FNDA:1,BooleanDemo.truthiness
FN:118,138,BooleanDemo.conditional_expressions
FNDA:1,BooleanDemo.conditional_expressions
FN:141,156,BooleanDemo.boolean_in_collections
FNDA:1,BooleanDemo.boolean_in_collections
FN:159,176,BooleanDemo.boolean_with_none
FNDA:1,BooleanDemo.boolean_with_none
FN:179,195,BooleanDemo.boolean_string_conversion
FNDA:1,BooleanDemo.boolean_string_conversion
FN:198,213,BooleanDemo.boolean_logic_operations
FNDA:1,BooleanDemo.boolean_logic_operations
FN:216,229,BooleanDemo.boolean_filtering
FNDA:1,BooleanDemo.boolean_filtering
FNF:12
FNH:10
end_of_record
SF:app/primitive_datatypes/float_demo.py
DA:8,1
DA:9,1
DA:10,1
DA:13,1
DA:16,1
DA:17,1
DA:24,1
DA:26,1
DA:37,1
DA:38,1
DA:45,1
DA:53,1
DA:54,1
DA:61,1
DA:62,1
DA:64,1
DA:71,1
DA:72,1
DA:79,1
DA:89,1
DA:90,1
DA:97,1
DA:99,1
DA:106,1
DA:107,1
DA:114,1
DA:116,1
DA:125,1
DA:126,1
DA:133,1
DA:135,1
DA:151,1
DA:152,1
DA:160,1
DA:162,1
DA:163,1
DA:164,1
DA:166,1
DA:174,1
DA:175,1
DA:182,1
DA:190,1
DA:191,1
DA:198,1
DA:200,1
LF:45
LH:45
FN:17,35,FloatDemo.basic_float_operations
FNDA:1,FloatDemo.basic_float_operations
FN:38,51,FloatDemo.floating_point_precision
FNDA:1,FloatDemo.floating_point_precision
FN:54,69,FloatDemo.float_comparisons
FNDA:1,FloatDemo.float_comparisons
FN:72,87,FloatDemo.float_special_values
FNDA:1,FloatDemo.float_special_values
FN:90,104,FloatDemo.float_methods
FNDA:1,FloatDemo.float_methods
FN:107,123,FloatDemo.rounding_and_formatting
FNDA:1,FloatDemo.rounding_and_formatting
FN:126,149,FloatDemo.math_operations
FNDA:1,FloatDemo.math_operations
FN:152,172,FloatDemo.decimal_precision
FNDA:1,FloatDemo.decimal_precision
FN:175,188,FloatDemo.float_conversions
FNDA:1,FloatDemo.float_conversions
FN:191,206,FloatDemo.statistics_and_sequences
FNDA:1,FloatDemo.statistics_and_sequences
FNF:10
FNH:10
end_of_record
SF:app/primitive_datatypes/integer_demo.py
DA:8,1
DA:9,1
DA:12,1
DA:15,1
DA:16,1
DA:23,1
DA:25,1
DA:35,1
DA:36,1
DA:43,1
DA:45,1
DA:54,1
DA:55,1
DA:62,1
DA:64,1
DA:74,1
DA:75,1
DA:82,1
DA:84,1
DA:92,1
DA:93,1
DA:100,1
DA:108,1
DA:109,1
DA:116,1
DA:118,1
DA:124,1
DA:125,1
DA:132,1
DA:134,1
DA:143,1
DA:144,1
DA:151,1
DA:152,1
DA:153,1
DA:155,1
DA:161,1
DA:162,1
DA:172,1
DA:173,0
DA:174,1
DA:175,1
DA:176,1
DA:177,1
LF:44
LH:43
FN:16,33,IntegerDemo.basic_operations
FNDA:1,IntegerDemo.basic_operations
FN:36,52,IntegerDemo.bitwise_operations
FNDA:1,IntegerDemo.bitwise_operations
FN:55,72,IntegerDemo.integer_representations
FNDA:1,IntegerDemo.integer_representations
FN:75,90,IntegerDemo.integer_properties
FNDA:1,IntegerDemo.integer_properties
FN:93,106,IntegerDemo.abs_and_pow
FNDA:1,IntegerDemo.abs_and_pow
FN:109,122,IntegerDemo.integer_methods
FNDA:1,IntegerDemo.integer_methods
FN:125,141,IntegerDemo.integer_comparisons
FNDA:1,IntegerDemo.integer_comparisons
FN:144,159,IntegerDemo.large_integer_arithmetic
FNDA:1,IntegerDemo.large_integer_arithmetic
FN:162,177,IntegerDemo._fibonacci
FNDA:1,IntegerDemo._fibonacci
FNF:9
FNH:9
end_of_record
SF:app/primitive_datatypes/primitive_manager.py
DA:8,1
DA:9,1
DA:10,1
DA:11,1
DA:12,1
DA:15,1
DA:18,1
DA:20,1
DA:21,1
DA:22,1
DA:23,1
DA:25,1
DA:32,1
DA:39,1
DA:46,1
DA:57,1
DA:64,1
DA:77,1
DA:84,1
DA:97,1
DA:104,1
DA:117,1
DA:121,0
DA:123,0
DA:124,0
DA:125,0
DA:126,0
DA:128,0
DA:129,0
DA:130,0
DA:131,0
DA:132,0
DA:134,0
DA:136,1
DA:143,1
LF:35
LH:24
FN:18,23,PrimitiveManager.__init__
FNDA:1,PrimitiveManager.__init__
FN:25,37,PrimitiveManager.get_all_demonstrations
FNDA:1,PrimitiveManager.get_all_demonstrations
FN:39,55,PrimitiveManager.get_integer_demonstrations
FNDA:1,PrimitiveManager.get_integer_demonstrations
FN:57,75,PrimitiveManager.get_float_demonstrations
FNDA:1,PrimitiveManager.get_float_demonstrations
FN:77,95,PrimitiveManager.get_string_demonstrations
FNDA:1,PrimitiveManager.get_string_demonstrations
FN:97,115,PrimitiveManager.get_boolean_demonstrations
FNDA:1,PrimitiveManager.get_boolean_demonstrations
FN:117,134,PrimitiveManager.print_all_demonstrations
FNDA:0,PrimitiveManager.print_all_demonstrations
FN:136,150,PrimitiveManager.run_comparison_test
FNDA:1,PrimitiveManager.run_comparison_test
FNF:8
FNH:7
end_of_record
SF:app/primitive_datatypes/string_demo.py
DA:8,1
DA:9,1
DA:12,1
DA:15,1
DA:16,1
DA:23,1
DA:36,1
DA:37,1
DA:44,1
DA:45,1
DA:47,1
DA:57,1
DA:58,1
DA:65,1
DA:67,1
DA:79,1
DA:80,1
DA:87,1
DA:89,1
DA:109,1
DA:110,1
DA:117,1
DA:118,1
DA:120,1
DA:129,1
DA:130,1
DA:137,1
DA:139,1
DA:150,1
DA:151,1
DA:158,1
DA:159,1
DA:161,1
DA:173,1
DA:174,1
DA:181,1
DA:182,1
DA:184,1
DA:194,1
DA:195,1
DA:202,1
DA:203,1
DA:205,1
DA:212,1
DA:213,1
DA:220,1
LF:46
LH:46
FN:16,34,StringDemo.string_creation
FNDA:1,StringDemo.string_creation
FN:37,55,StringDemo.string_concatenation
FNDA:1,StringDemo.string_concatenation
FN:58,77,StringDemo.string_indexing_slicing
FNDA:1,StringDemo.string_indexing_slicing
FN:80,107,StringDemo.string_methods
FNDA:1,StringDemo.string_methods
FN:110,127,StringDemo.string_splitting_joining
FNDA:1,StringDemo.string_splitting_joining
FN:130,148,StringDemo.string_searching
FNDA:1,StringDemo.string_searching
FN:151,171,StringDemo.string_formatting
FNDA:1,StringDemo.string_formatting
FN:174,192,StringDemo.string_regex
FNDA:1,StringDemo.string_regex
FN:195,210,StringDemo.string_immutability
FNDA:1,StringDemo.string_immutability
FN:213,227,StringDemo.string_special_characters
FNDA:1,StringDemo.string_special_characters
FNF:10
FNH:10
end_of_record
SF:app/type_casting/__init__.py
DA:8,1
DA:9,1
DA:10,1
DA:11,1
DA:13,1
LF:5
LH:5
end_of_record
SF:app/type_casting/boolean_casting.py
DA:8,1
DA:11,1
DA:14,1
DA:15,1
DA:22,1
DA:30,1
DA:31,1
DA:38,1
DA:46,1
DA:47,1
DA:54,1
DA:65,1
DA:66,1
DA:73,0
DA:78,1
DA:79,1
DA:86,0
DA:93,1
DA:94,1
DA:101,0
DA:108,1
DA:109,1
DA:116,0
DA:137,1
DA:138,1
DA:145,0
DA:154,1
DA:155,1
DA:162,0
DA:163,0
DA:164,0
DA:166,0
DA:174,1
DA:175,1
DA:182,0
DA:184,0
DA:190,1
DA:191,1
DA:198,1
DA:199,1
DA:200,1
DA:202,1
LF:42
LH:31
FN:15,28,BooleanCasting.number_to_boolean
FNDA:1,BooleanCasting.number_to_boolean
FN:31,44,BooleanCasting.string_to_boolean
FNDA:1,BooleanCasting.string_to_boolean
FN:47,63,BooleanCasting.collection_to_boolean
FNDA:1,BooleanCasting.collection_to_boolean
FN:66,76,BooleanCasting.none_to_boolean
FNDA:0,BooleanCasting.none_to_boolean
FN:79,91,BooleanCasting.boolean_to_string
FNDA:0,BooleanCasting.boolean_to_string
FN:94,106,BooleanCasting.boolean_to_number
FNDA:0,BooleanCasting.boolean_to_number
FN:109,135,BooleanCasting.truthiness_examples
FNDA:0,BooleanCasting.truthiness_examples
FN:138,152,BooleanCasting.logical_operators_with_types
FNDA:0,BooleanCasting.logical_operators_with_types
FN:155,172,BooleanCasting.conditional_assignment
FNDA:0,BooleanCasting.conditional_assignment
FN:175,188,BooleanCasting.boolean_filtering
FNDA:0,BooleanCasting.boolean_filtering
FN:191,211,BooleanCasting.all_and_any
FNDA:1,BooleanCasting.all_and_any
FNF:11
FNH:4
end_of_record
SF:app/type_casting/numeric_casting.py
DA:8,1
DA:9,1
DA:10,1
DA:13,1
DA:16,1
DA:17,1
DA:24,1
DA:31,1
DA:32,1
DA:39,1
DA:46,1
DA:47,1
DA:54,1
DA:56,1
DA:65,1
DA:66,1
DA:73,1
DA:82,1
DA:83,1
DA:90,0
DA:97,1
DA:98,1
DA:105,1
DA:112,1
DA:113,1
DA:120,0
DA:122,0
DA:133,1
DA:134,1
DA:141,0
DA:149,1
DA:150,1
DA:157,0
DA:164,1
DA:165,1
DA:172,0
LF:36
LH:30
FN:17,29,NumericCasting.int_to_float
FNDA:1,NumericCasting.int_to_float
FN:32,44,NumericCasting.float_to_int
FNDA:1,NumericCasting.float_to_int
FN:47,63,NumericCasting.rounding_methods
FNDA:1,NumericCasting.rounding_methods
FN:66,80,NumericCasting.complex_numbers
FNDA:1,NumericCasting.complex_numbers
FN:83,95,NumericCasting.decimal_conversions
FNDA:0,NumericCasting.decimal_conversions
FN:98,110,NumericCasting.type_preservation
FNDA:1,NumericCasting.type_preservation
FN:113,131,NumericCasting.base_conversions
FNDA:0,NumericCasting.base_conversions
FN:134,147,NumericCasting.numeric_coercions
FNDA:0,NumericCasting.numeric_coercions
FN:150,162,NumericCasting.overflow_and_precision
FNDA:0,NumericCasting.overflow_and_precision
FN:165,179,NumericCasting.special_numeric_values
FNDA:0,NumericCasting.special_numeric_values
FNF:10
FNH:5
end_of_record
SF:app/type_casting/safe_cast.py
DA:8,1
DA:11,1
DA:14,1
DA:15,1
DA:26,1
DA:27,1
DA:28,1
DA:29,1
DA:31,1
DA:32,1
DA:43,1
DA:44,1
DA:45,1
DA:46,1
DA:48,1
DA:49,1
DA:60,1
DA:61,1
DA:62,0
DA:63,0
DA:65,1
DA:66,1
DA:77,1
DA:78,1
DA:79,0
DA:80,0
DA:82,1
DA:83,1
DA:94,0
DA:95,0
DA:96,0
DA:97,0
DA:98,0
DA:99,0
DA:100,0
DA:101,0
DA:102,0
DA:103,0
DA:104,0
DA:106,0
DA:107,0
DA:108,0
DA:110,1
DA:111,1
DA:122,0
DA:123,0
DA:124,0
DA:125,0
DA:126,0
DA:128,0
DA:129,0
DA:130,0
DA:132,1
DA:133,1
DA:146,0
DA:147,0
DA:148,0
DA:149,0
DA:150,0
DA:151,0
DA:152,0
DA:154,1
DA:155,1
DA:169,0
DA:170,0
DA:171,0
DA:172,0
DA:174,1
DA:175,1
DA:186,1
DA:187,1
DA:188,1
DA:189,0
DA:190,0
DA:191,0
LF:75
LH:35
FN:15,29,SafeCast.to_int
FNDA:1,SafeCast.to_int
FN:32,46,SafeCast.to_float
FNDA:1,SafeCast.to_float
FN:49,63,SafeCast.to_str
FNDA:1,SafeCast.to_str
FN:66,80,SafeCast.to_bool
FNDA:1,SafeCast.to_bool
FN:83,108,SafeCast.to_list
FNDA:0,SafeCast.to_list
FN:111,130,SafeCast.to_dict
FNDA:0,SafeCast.to_dict
FN:133,152,SafeCast.validate_and_cast
FNDA:0,SafeCast.validate_and_cast
FN:155,172,SafeCast.cast_or_raise
FNDA:0,SafeCast.cast_or_raise
FN:175,191,SafeCast.attempt_cast
FNDA:1,SafeCast.attempt_cast
FNF:9
FNH:5
end_of_record
SF:app/type_casting/string_casting.py
DA:8,1
DA:9,1
DA:10,1
DA:13,1
DA:16,1
DA:17,1
DA:24,1
DA:31,1
DA:32,1
DA:39,1
DA:49,1
DA:50,1
DA:57,1
DA:65,1
DA:66,1
DA:73,0
DA:81,1
DA:82,1
DA:89,1
DA:91,1
DA:98,1
DA:99,1
DA:106,1
DA:108,1
DA:114,1
DA:115,1
DA:122,0
DA:123,0
DA:125,0
DA:132,1
DA:133,1
DA:140,0
DA:141,0
DA:143,0
DA:148,1
DA:149,1
DA:156,0
DA:157,0
DA:159,0
DA:169,1
DA:170,1
DA:177,0
DA:179,0
DA:187,1
DA:188,1
DA:195,0
DA:197,0
LF:47
LH:33
FN:17,29,StringCasting.number_to_string
FNDA:1,StringCasting.number_to_string
FN:32,47,StringCasting.string_to_number
FNDA:1,StringCasting.string_to_number
FN:50,63,StringCasting.boolean_to_string
FNDA:1,StringCasting.boolean_to_string
FN:66,79,StringCasting.string_to_boolean
FNDA:0,StringCasting.string_to_boolean
FN:82,96,StringCasting.list_to_string
FNDA:1,StringCasting.list_to_string
FN:99,112,StringCasting.dict_to_string
FNDA:1,StringCasting.dict_to_string
FN:115,130,StringCasting.string_to_list
FNDA:0,StringCasting.string_to_list
FN:133,146,StringCasting.string_to_dict
FNDA:0,StringCasting.string_to_dict
FN:149,167,StringCasting.string_parsing
FNDA:0,StringCasting.string_parsing
FN:170,185,StringCasting.case_conversions
FNDA:0,StringCasting.case_conversions
FN:188,202,StringCasting.string_encoding_decoding
FNDA:0,StringCasting.string_encoding_decoding
FNF:11
FNH:5
end_of_record
